2025.04.23 21:50:38 INFO  Started: Metals version 1.5.2 in folders '/Users/gonzalezulises/asignacionV2.0/asignacionV2.0-1' for client Visual Studio Code 1.99.3.
2025.04.23 21:50:44 INFO  running '/Users/gonzalezulises/Library/Java/JavaVirtualMachines/corretto-18.0.2/Contents/Home/bin/java -Djline.terminal=jline.UnsupportedTerminal -Dsbt.log.noformat=true -Dfile.encoding=UTF-8 -Dsbt.version=1.10.11 -jar /var/folders/xz/cy4m1yx914dd0zx5s4lc56k00000gn/T/metals14923142838084935050/sbt-launch.jar -Dbloop.export-jar-classifiers=sources bloopInstall'
2025.04.23 21:50:44 INFO  no build target found for /Users/gonzalezulises/asignacionV2.0/asignacionV2.0-1/project/project/metals.sbt. Using presentation compiler with project's scala-library version: 3.3.5
2025.04.23 21:50:44 WARN  no build target for: /Users/gonzalezulises/asignacionV2.0/asignacionV2.0-1/project/metals.sbt
2025.04.23 21:50:44 WARN  no build target for: /Users/gonzalezulises/asignacionV2.0/asignacionV2.0-1/project/project/metals.sbt
2025.04.23 21:50:45 INFO  [info] Updated file /Users/gonzalezulises/asignacionV2.0/asignacionV2.0-1/project/build.properties: set sbt.version to 1.10.11
2025.04.23 21:50:45 INFO  [info] welcome to sbt 1.10.11 (Amazon.com Inc. Java 18.0.2)
2025.04.23 21:50:45 INFO  [info] loading settings for project asignacionv2-0-1-build-build from metals.sbt...
2025.04.23 21:50:46 INFO  [info] loading project definition from /Users/gonzalezulises/asignacionV2.0/asignacionV2.0-1/project/project
2025.04.23 21:50:49 INFO  [info] loading settings for project asignacionv2-0-1-build from metals.sbt...
2025.04.23 21:50:49 INFO  [info] loading project definition from /Users/gonzalezulises/asignacionV2.0/asignacionV2.0-1/project
2025.04.23 21:50:54 INFO  [success] Generated .bloop/asignacionv2-0-1-build.json
2025.04.23 21:50:54 INFO  [success] Total time: 5 s, completed Apr 23, 2025, 9:50:54 PM
2025.04.23 21:50:54 INFO  [info] loading settings for project root from build.sbt...
2025.04.23 21:50:54 INFO  [info] set current project to examen-spark-scala (in build file:/Users/gonzalezulises/asignacionV2.0/asignacionV2.0-1/)
2025.04.23 21:51:08 INFO  no build target found for /Users/gonzalezulises/asignacionV2.0/asignacionV2.0-1/project/metals.sbt. Using presentation compiler with project's scala-library version: 3.3.5
2025.04.23 21:51:29 INFO  [success] Generated .bloop/root.json
2025.04.23 21:51:29 INFO  [success] Generated .bloop/root-test.json
2025.04.23 21:51:29 INFO  [success] Total time: 34 s, completed Apr 23, 2025, 9:51:29 PM
2025.04.23 21:51:29 INFO  time: ran 'sbt bloopInstall' in 44s
2025.04.23 21:51:29 INFO  Attempting to connect to the build server...
2025.04.23 21:51:29 INFO  No running Bloop server found, starting one.
2025.04.23 21:51:36 INFO  Starting compilation server
2025.04.23 21:51:36 INFO  tracing is disabled for protocol BSP, to enable tracing of incoming and outgoing JSON messages create an empty file at /Users/gonzalezulises/asignacionV2.0/asignacionV2.0-1/.metals/bsp.trace.json or /Users/gonzalezulises/Library/Caches/org.scalameta.metals/bsp.trace.json
2025.04.23 21:51:39 INFO  Attempting to connect to the build server...
2025.04.23 21:51:39 INFO  Found a Bloop server running
2025.04.23 21:51:39 INFO  tracing is disabled for protocol BSP, to enable tracing of incoming and outgoing JSON messages create an empty file at /Users/gonzalezulises/asignacionV2.0/asignacionV2.0-1/project/.metals/bsp.trace.json or /Users/gonzalezulises/Library/Caches/org.scalameta.metals/bsp.trace.json
2025.04.23 21:51:40 INFO  time: Connected to build server in 11s
2025.04.23 21:51:40 INFO  Connected to Build server: Bloop v2.0.9
2025.04.23 21:51:40 WARN  2.12.15 is no longer supported in the current Metals versions, using the last known supported version 1.3.3
Apr 23, 2025 9:52:03 PM scala.meta.internal.metals.StdReporter $anonfun$create$1
WARNING: Java indexer failed with and exception. (full report at: /Users/gonzalezulises/asignacionV2.0/asignacionV2.0-1/.metals/.reports/metals-full/2025-04-23/r_failed-idex-java_21-52-03-628.md)
Apr 23, 2025 9:52:04 PM scala.meta.internal.metals.StdReporter $anonfun$create$1
WARNING: Java indexer failed with and exception. (full report at: /Users/gonzalezulises/asignacionV2.0/asignacionV2.0-1/.metals/.reports/metals-full/2025-04-23/r_failed-idex-java_21-52-03-936.md)
Apr 23, 2025 9:52:04 PM scala.meta.internal.metals.StdReporter $anonfun$create$1
WARNING: Java indexer failed with and exception. (full report at: /Users/gonzalezulises/asignacionV2.0/asignacionV2.0-1/.metals/.reports/metals-full/2025-04-23/r_failed-idex-java_21-52-04-134.md)
Apr 23, 2025 9:52:04 PM scala.meta.internal.metals.StdReporter $anonfun$create$1
WARNING: Java indexer failed with and exception. (full report at: /Users/gonzalezulises/asignacionV2.0/asignacionV2.0-1/.metals/.reports/metals-full/2025-04-23/r_failed-idex-java_21-52-04-177.md)
Apr 23, 2025 9:52:04 PM scala.meta.internal.metals.StdReporter $anonfun$create$1
WARNING: Java indexer failed with and exception. (full report at: /Users/gonzalezulises/asignacionV2.0/asignacionV2.0-1/.metals/.reports/metals-full/2025-04-23/r_failed-idex-java_21-52-04-195.md)
Apr 23, 2025 9:52:04 PM scala.meta.internal.metals.StdReporter $anonfun$create$1
WARNING: Java indexer failed with and exception. (full report at: /Users/gonzalezulises/asignacionV2.0/asignacionV2.0-1/.metals/.reports/metals-full/2025-04-23/r_failed-idex-java_21-52-04-443.md)
Apr 23, 2025 9:52:04 PM scala.meta.internal.metals.StdReporter $anonfun$create$1
WARNING: Java indexer failed with and exception. (full report at: /Users/gonzalezulises/asignacionV2.0/asignacionV2.0-1/.metals/.reports/metals-full/2025-04-23/r_failed-idex-java_21-52-04-456.md)
Apr 23, 2025 9:52:09 PM scala.meta.internal.metals.StdReporter $anonfun$create$1
WARNING: Java indexer failed with and exception. (full report at: /Users/gonzalezulises/asignacionV2.0/asignacionV2.0-1/.metals/.reports/metals-full/2025-04-23/r_failed-idex-java_21-52-09-305.md)
Apr 23, 2025 9:52:09 PM scala.meta.internal.metals.StdReporter $anonfun$create$1
WARNING: Java indexer failed with and exception. (full report at: /Users/gonzalezulises/asignacionV2.0/asignacionV2.0-1/.metals/.reports/metals-full/2025-04-23/r_failed-idex-java_21-52-09-307.md)
Apr 23, 2025 9:52:09 PM scala.meta.internal.metals.StdReporter $anonfun$create$1
WARNING: Java indexer failed with and exception. (full report at: /Users/gonzalezulises/asignacionV2.0/asignacionV2.0-1/.metals/.reports/metals-full/2025-04-23/r_failed-idex-java_21-52-09-309.md)
Apr 23, 2025 9:52:09 PM scala.meta.internal.metals.StdReporter $anonfun$create$1
WARNING: Java indexer failed with and exception. (full report at: /Users/gonzalezulises/asignacionV2.0/asignacionV2.0-1/.metals/.reports/metals-full/2025-04-23/r_failed-idex-java_21-52-09-310.md)
Apr 23, 2025 9:52:09 PM scala.meta.internal.metals.StdReporter $anonfun$create$1
WARNING: Java indexer failed with and exception. (full report at: /Users/gonzalezulises/asignacionV2.0/asignacionV2.0-1/.metals/.reports/metals-full/2025-04-23/r_failed-idex-java_21-52-09-312.md)
Apr 23, 2025 9:52:09 PM scala.meta.internal.metals.StdReporter $anonfun$create$1
WARNING: Java indexer failed with and exception. (full report at: /Users/gonzalezulises/asignacionV2.0/asignacionV2.0-1/.metals/.reports/metals-full/2025-04-23/r_failed-idex-java_21-52-09-314.md)
Apr 23, 2025 9:52:09 PM scala.meta.internal.metals.StdReporter $anonfun$create$1
WARNING: Java indexer failed with and exception. (full report at: /Users/gonzalezulises/asignacionV2.0/asignacionV2.0-1/.metals/.reports/metals-full/2025-04-23/r_failed-idex-java_21-52-09-315.md)
Apr 23, 2025 9:52:09 PM scala.meta.internal.metals.StdReporter $anonfun$create$1
WARNING: Java indexer failed with and exception. (full report at: /Users/gonzalezulises/asignacionV2.0/asignacionV2.0-1/.metals/.reports/metals-full/2025-04-23/r_failed-idex-java_21-52-09-316.md)
Apr 23, 2025 9:52:09 PM scala.meta.internal.metals.StdReporter $anonfun$create$1
WARNING: Java indexer failed with and exception. (full report at: /Users/gonzalezulises/asignacionV2.0/asignacionV2.0-1/.metals/.reports/metals-full/2025-04-23/r_failed-idex-java_21-52-09-318.md)
Apr 23, 2025 9:52:09 PM scala.meta.internal.metals.StdReporter $anonfun$create$1
WARNING: Java indexer failed with and exception. (full report at: /Users/gonzalezulises/asignacionV2.0/asignacionV2.0-1/.metals/.reports/metals-full/2025-04-23/r_failed-idex-java_21-52-09-320.md)
Apr 23, 2025 9:52:09 PM scala.meta.internal.metals.StdReporter $anonfun$create$1
WARNING: Java indexer failed with and exception. (full report at: /Users/gonzalezulises/asignacionV2.0/asignacionV2.0-1/.metals/.reports/metals-full/2025-04-23/r_failed-idex-java_21-52-09-321.md)
Apr 23, 2025 9:52:09 PM scala.meta.internal.metals.StdReporter $anonfun$create$1
WARNING: Java indexer failed with and exception. (full report at: /Users/gonzalezulises/asignacionV2.0/asignacionV2.0-1/.metals/.reports/metals-full/2025-04-23/r_failed-idex-java_21-52-09-323.md)
Apr 23, 2025 9:52:09 PM scala.meta.internal.metals.StdReporter $anonfun$create$1
WARNING: Java indexer failed with and exception. (full report at: /Users/gonzalezulises/asignacionV2.0/asignacionV2.0-1/.metals/.reports/metals-full/2025-04-23/r_failed-idex-java_21-52-09-324.md)
Apr 23, 2025 9:52:09 PM scala.meta.internal.metals.StdReporter $anonfun$create$1
WARNING: Java indexer failed with and exception. (full report at: /Users/gonzalezulises/asignacionV2.0/asignacionV2.0-1/.metals/.reports/metals-full/2025-04-23/r_failed-idex-java_21-52-09-325.md)
Apr 23, 2025 9:52:09 PM scala.meta.internal.metals.StdReporter $anonfun$create$1
WARNING: Java indexer failed with and exception. (full report at: /Users/gonzalezulises/asignacionV2.0/asignacionV2.0-1/.metals/.reports/metals-full/2025-04-23/r_failed-idex-java_21-52-09-328.md)
Apr 23, 2025 9:52:09 PM scala.meta.internal.metals.StdReporter $anonfun$create$1
WARNING: Java indexer failed with and exception. (full report at: /Users/gonzalezulises/asignacionV2.0/asignacionV2.0-1/.metals/.reports/metals-full/2025-04-23/r_failed-idex-java_21-52-09-330.md)
Apr 23, 2025 9:52:09 PM scala.meta.internal.metals.StdReporter $anonfun$create$1
WARNING: Java indexer failed with and exception. (full report at: /Users/gonzalezulises/asignacionV2.0/asignacionV2.0-1/.metals/.reports/metals-full/2025-04-23/r_failed-idex-java_21-52-09-331.md)
Apr 23, 2025 9:52:09 PM scala.meta.internal.metals.StdReporter $anonfun$create$1
WARNING: Java indexer failed with and exception. (full report at: /Users/gonzalezulises/asignacionV2.0/asignacionV2.0-1/.metals/.reports/metals-full/2025-04-23/r_failed-idex-java_21-52-09-332.md)
Apr 23, 2025 9:52:09 PM scala.meta.internal.metals.StdReporter $anonfun$create$1
WARNING: Java indexer failed with and exception. (full report at: /Users/gonzalezulises/asignacionV2.0/asignacionV2.0-1/.metals/.reports/metals-full/2025-04-23/r_failed-idex-java_21-52-09-334.md)
Apr 23, 2025 9:52:09 PM scala.meta.internal.metals.StdReporter $anonfun$create$1
WARNING: Java indexer failed with and exception. (full report at: /Users/gonzalezulises/asignacionV2.0/asignacionV2.0-1/.metals/.reports/metals-full/2025-04-23/r_failed-idex-java_21-52-09-335.md)
Apr 23, 2025 9:52:09 PM scala.meta.internal.metals.StdReporter $anonfun$create$1
WARNING: Java indexer failed with and exception. (full report at: /Users/gonzalezulises/asignacionV2.0/asignacionV2.0-1/.metals/.reports/metals-full/2025-04-23/r_failed-idex-java_21-52-09-337.md)
Apr 23, 2025 9:52:09 PM scala.meta.internal.metals.StdReporter $anonfun$create$1
WARNING: Java indexer failed with and exception. (full report at: /Users/gonzalezulises/asignacionV2.0/asignacionV2.0-1/.metals/.reports/metals-full/2025-04-23/r_failed-idex-java_21-52-09-339.md)
Apr 23, 2025 9:52:09 PM scala.meta.internal.metals.StdReporter $anonfun$create$1
WARNING: Java indexer failed with and exception. (full report at: /Users/gonzalezulises/asignacionV2.0/asignacionV2.0-1/.metals/.reports/metals-full/2025-04-23/r_failed-idex-java_21-52-09-341.md)
2025.04.23 21:52:13 INFO  time: indexed workspace in 32s
2025.04.23 21:52:18 INFO  Shutting down server
2025.04.23 21:52:18 INFO  shutting down Metals
2025.04.23 21:52:18 INFO  Shut down connection with build server.
2025.04.23 21:52:18 INFO  Shut down connection with build server.
2025.04.23 21:52:18 INFO  Exiting server
2025.04.23 21:55:14 INFO  Started: Metals version 1.5.2 in folders '/Users/gonzalezulises/asignacionV2.0/asignacionV2.0-1' for client Visual Studio Code 1.99.3.
2025.04.23 21:55:14 INFO  Attempting to connect to the build server...
2025.04.23 21:55:14 INFO  Found a Bloop server running
2025.04.23 21:55:14 INFO  tracing is disabled for protocol BSP, to enable tracing of incoming and outgoing JSON messages create an empty file at /Users/gonzalezulises/asignacionV2.0/asignacionV2.0-1/.metals/bsp.trace.json or /Users/gonzalezulises/Library/Caches/org.scalameta.metals/bsp.trace.json
2025.04.23 21:55:15 INFO  Attempting to connect to the build server...
2025.04.23 21:55:15 INFO  Found a Bloop server running
2025.04.23 21:55:15 INFO  tracing is disabled for protocol BSP, to enable tracing of incoming and outgoing JSON messages create an empty file at /Users/gonzalezulises/asignacionV2.0/asignacionV2.0-1/project/.metals/bsp.trace.json or /Users/gonzalezulises/Library/Caches/org.scalameta.metals/bsp.trace.json
2025.04.23 21:55:14 INFO  time: Connected to build server in 0.42s
2025.04.23 21:55:14 INFO  Connected to Build server: Bloop v2.0.9
2025.04.23 21:55:15 INFO  time: Imported build in 0.17s
2025.04.23 21:55:15 WARN  2.12.15 is no longer supported in the current Metals versions, using the last known supported version 1.3.3
2025.04.23 21:55:18 INFO  time: indexed workspace in 3.66s
2025.04.23 21:58:03 INFO  compiling root (1 scala source)
2025.04.23 21:58:10 INFO  compiling root-test (2 scala sources)
2025.04.23 21:58:10 INFO  time: compiled root in 6.78s
2025.04.23 21:58:11 INFO  time: compiled root-test in 1.47s
